{"/app/src/App.jsx": {"path":"/app/src/App.jsx","statementMap":{"0":{"start":{"line":6,"column":16},"end":{"line":6,"column":76}},"1":{"start":{"line":9,"column":36},"end":{"line":9,"column":53}},"2":{"start":{"line":10,"column":28},"end":{"line":10,"column":40}},"3":{"start":{"line":11,"column":32},"end":{"line":11,"column":47}},"4":{"start":{"line":13,"column":24},"end":{"line":23,"column":3}},"5":{"start":{"line":14,"column":4},"end":{"line":22,"column":5}},"6":{"start":{"line":15,"column":6},"end":{"line":15,"column":23}},"7":{"start":{"line":16,"column":23},"end":{"line":16,"column":58}},"8":{"start":{"line":17,"column":6},"end":{"line":17,"column":30}},"9":{"start":{"line":19,"column":6},"end":{"line":19,"column":54}},"10":{"start":{"line":21,"column":6},"end":{"line":21,"column":24}},"11":{"start":{"line":25,"column":2},"end":{"line":27,"column":9}},"12":{"start":{"line":26,"column":4},"end":{"line":26,"column":20}},"13":{"start":{"line":29,"column":2},"end":{"line":84,"column":4}},"14":{"start":{"line":47,"column":29},"end":{"line":47,"column":50}},"15":{"start":{"line":58,"column":29},"end":{"line":58,"column":57}}},"fnMap":{"0":{"name":"App","decl":{"start":{"line":8,"column":9},"end":{"line":8,"column":12}},"loc":{"start":{"line":8,"column":15},"end":{"line":85,"column":1}},"line":8},"1":{"name":"(anonymous_1)","decl":{"start":{"line":13,"column":24},"end":{"line":13,"column":25}},"loc":{"start":{"line":13,"column":36},"end":{"line":23,"column":3}},"line":13},"2":{"name":"(anonymous_2)","decl":{"start":{"line":25,"column":12},"end":{"line":25,"column":13}},"loc":{"start":{"line":25,"column":18},"end":{"line":27,"column":3}},"line":25},"3":{"name":"(anonymous_3)","decl":{"start":{"line":47,"column":23},"end":{"line":47,"column":24}},"loc":{"start":{"line":47,"column":29},"end":{"line":47,"column":50}},"line":47},"4":{"name":"(anonymous_4)","decl":{"start":{"line":58,"column":23},"end":{"line":58,"column":24}},"loc":{"start":{"line":58,"column":29},"end":{"line":58,"column":57}},"line":58}},"branchMap":{"0":{"loc":{"start":{"line":6,"column":16},"end":{"line":6,"column":76}},"type":"binary-expr","locations":[{"start":{"line":6,"column":16},"end":{"line":6,"column":45}},{"start":{"line":6,"column":49},"end":{"line":6,"column":76}}],"line":6},"1":{"loc":{"start":{"line":48,"column":28},"end":{"line":48,"column":70}},"type":"cond-expr","locations":[{"start":{"line":48,"column":52},"end":{"line":48,"column":58}},{"start":{"line":48,"column":61},"end":{"line":48,"column":70}}],"line":48},"2":{"loc":{"start":{"line":50,"column":16},"end":{"line":52,"column":75}},"type":"cond-expr","locations":[{"start":{"line":51,"column":20},"end":{"line":51,"column":54}},{"start":{"line":52,"column":20},"end":{"line":52,"column":75}}],"line":50},"3":{"loc":{"start":{"line":59,"column":28},"end":{"line":59,"column":77}},"type":"cond-expr","locations":[{"start":{"line":59,"column":59},"end":{"line":59,"column":65}},{"start":{"line":59,"column":68},"end":{"line":59,"column":77}}],"line":59},"4":{"loc":{"start":{"line":61,"column":16},"end":{"line":63,"column":75}},"type":"cond-expr","locations":[{"start":{"line":62,"column":20},"end":{"line":62,"column":54}},{"start":{"line":63,"column":20},"end":{"line":63,"column":75}}],"line":61},"5":{"loc":{"start":{"line":75,"column":9},"end":{"line":77,"column":9}},"type":"binary-expr","locations":[{"start":{"line":75,"column":9},"end":{"line":75,"column":30}},{"start":{"line":76,"column":10},"end":{"line":76,"column":72}}],"line":75},"6":{"loc":{"start":{"line":78,"column":9},"end":{"line":80,"column":9}},"type":"binary-expr","locations":[{"start":{"line":78,"column":9},"end":{"line":78,"column":37}},{"start":{"line":79,"column":10},"end":{"line":79,"column":67}}],"line":78}},"s":{"0":0,"1":0,"2":0,"3":0,"4":0,"5":0,"6":0,"7":0,"8":0,"9":0,"10":0,"11":0,"12":0,"13":0,"14":0,"15":0},"f":{"0":0,"1":0,"2":0,"3":0,"4":0},"b":{"0":[0,0],"1":[0,0],"2":[0,0],"3":[0,0],"4":[0,0],"5":[0,0],"6":[0,0]}}
,"/app/src/index.js": {"path":"/app/src/index.js","statementMap":{"0":{"start":{"line":6,"column":13},"end":{"line":6,"column":65}},"1":{"start":{"line":7,"column":0},"end":{"line":11,"column":2}}},"fnMap":{},"branchMap":{},"s":{"0":0,"1":0},"f":{},"b":{}}
,"/app/src/components/GerenciarAgendamentos.jsx": {"path":"/app/src/components/GerenciarAgendamentos.jsx","statementMap":{"0":{"start":{"line":4,"column":16},"end":{"line":4,"column":76}},"1":{"start":{"line":6,"column":30},"end":{"line":386,"column":1}},"2":{"start":{"line":7,"column":42},"end":{"line":7,"column":54}},"3":{"start":{"line":8,"column":34},"end":{"line":8,"column":49}},"4":{"start":{"line":9,"column":54},"end":{"line":9,"column":68}},"5":{"start":{"line":10,"column":38},"end":{"line":10,"column":50}},"6":{"start":{"line":11,"column":38},"end":{"line":11,"column":50}},"7":{"start":{"line":12,"column":34},"end":{"line":19,"column":4}},"8":{"start":{"line":20,"column":28},"end":{"line":20,"column":40}},"9":{"start":{"line":21,"column":32},"end":{"line":21,"column":47}},"10":{"start":{"line":23,"column":2},"end":{"line":25,"column":31}},"11":{"start":{"line":24,"column":4},"end":{"line":24,"column":27}},"12":{"start":{"line":27,"column":31},"end":{"line":41,"column":3}},"13":{"start":{"line":28,"column":4},"end":{"line":40,"column":5}},"14":{"start":{"line":29,"column":6},"end":{"line":29,"column":23}},"15":{"start":{"line":30,"column":21},"end":{"line":30,"column":42}},"16":{"start":{"line":31,"column":6},"end":{"line":31,"column":59}},"17":{"start":{"line":31,"column":22},"end":{"line":31,"column":59}},"18":{"start":{"line":32,"column":6},"end":{"line":32,"column":56}},"19":{"start":{"line":32,"column":22},"end":{"line":32,"column":56}},"20":{"start":{"line":34,"column":23},"end":{"line":34,"column":86}},"21":{"start":{"line":35,"column":6},"end":{"line":35,"column":37}},"22":{"start":{"line":37,"column":6},"end":{"line":37,"column":61}},"23":{"start":{"line":39,"column":6},"end":{"line":39,"column":24}},"24":{"start":{"line":43,"column":23},"end":{"line":77,"column":3}},"25":{"start":{"line":44,"column":4},"end":{"line":44,"column":23}},"26":{"start":{"line":45,"column":4},"end":{"line":45,"column":17}},"27":{"start":{"line":46,"column":4},"end":{"line":46,"column":21}},"28":{"start":{"line":48,"column":4},"end":{"line":76,"column":5}},"29":{"start":{"line":49,"column":6},"end":{"line":53,"column":7}},"30":{"start":{"line":50,"column":8},"end":{"line":50,"column":86}},"31":{"start":{"line":52,"column":8},"end":{"line":52,"column":62}},"32":{"start":{"line":55,"column":6},"end":{"line":55,"column":25}},"33":{"start":{"line":56,"column":6},"end":{"line":56,"column":34}},"34":{"start":{"line":57,"column":6},"end":{"line":64,"column":9}},"35":{"start":{"line":65,"column":6},"end":{"line":65,"column":29}},"36":{"start":{"line":67,"column":23},"end":{"line":67,"column":48}},"37":{"start":{"line":68,"column":6},"end":{"line":73,"column":7}},"38":{"start":{"line":70,"column":8},"end":{"line":70,"column":42}},"39":{"start":{"line":72,"column":8},"end":{"line":72,"column":59}},"40":{"start":{"line":75,"column":6},"end":{"line":75,"column":24}},"41":{"start":{"line":79,"column":21},"end":{"line":91,"column":3}},"42":{"start":{"line":80,"column":4},"end":{"line":80,"column":39}},"43":{"start":{"line":81,"column":4},"end":{"line":88,"column":7}},"44":{"start":{"line":89,"column":4},"end":{"line":89,"column":22}},"45":{"start":{"line":90,"column":4},"end":{"line":90,"column":17}},"46":{"start":{"line":93,"column":23},"end":{"line":104,"column":3}},"47":{"start":{"line":94,"column":4},"end":{"line":96,"column":5}},"48":{"start":{"line":95,"column":6},"end":{"line":95,"column":13}},"49":{"start":{"line":98,"column":4},"end":{"line":103,"column":5}},"50":{"start":{"line":99,"column":6},"end":{"line":99,"column":58}},"51":{"start":{"line":100,"column":6},"end":{"line":100,"column":29}},"52":{"start":{"line":102,"column":6},"end":{"line":102,"column":72}},"53":{"start":{"line":106,"column":23},"end":{"line":118,"column":3}},"54":{"start":{"line":107,"column":4},"end":{"line":107,"column":23}},"55":{"start":{"line":108,"column":4},"end":{"line":108,"column":32}},"56":{"start":{"line":109,"column":4},"end":{"line":116,"column":7}},"57":{"start":{"line":117,"column":4},"end":{"line":117,"column":17}},"58":{"start":{"line":120,"column":15},"end":{"line":120,"column":53}},"59":{"start":{"line":122,"column":2},"end":{"line":385,"column":4}},"60":{"start":{"line":133,"column":27},"end":{"line":133,"column":44}},"61":{"start":{"line":163,"column":35},"end":{"line":163,"column":88}},"62":{"start":{"line":169,"column":20},"end":{"line":171,"column":29}},"63":{"start":{"line":187,"column":35},"end":{"line":187,"column":85}},"64":{"start":{"line":205,"column":35},"end":{"line":205,"column":95}},"65":{"start":{"line":221,"column":35},"end":{"line":221,"column":92}},"66":{"start":{"line":238,"column":33},"end":{"line":238,"column":85}},"67":{"start":{"line":251,"column":33},"end":{"line":251,"column":88}},"68":{"start":{"line":286,"column":31},"end":{"line":286,"column":60}},"69":{"start":{"line":291,"column":16},"end":{"line":293,"column":25}},"70":{"start":{"line":304,"column":31},"end":{"line":304,"column":60}},"71":{"start":{"line":348,"column":16},"end":{"line":378,"column":21}},"72":{"start":{"line":366,"column":37},"end":{"line":366,"column":60}},"73":{"start":{"line":372,"column":37},"end":{"line":372,"column":65}}},"fnMap":{"0":{"name":"(anonymous_0)","decl":{"start":{"line":6,"column":30},"end":{"line":6,"column":31}},"loc":{"start":{"line":6,"column":68},"end":{"line":386,"column":1}},"line":6},"1":{"name":"(anonymous_1)","decl":{"start":{"line":23,"column":12},"end":{"line":23,"column":13}},"loc":{"start":{"line":23,"column":18},"end":{"line":25,"column":3}},"line":23},"2":{"name":"(anonymous_2)","decl":{"start":{"line":27,"column":31},"end":{"line":27,"column":32}},"loc":{"start":{"line":27,"column":43},"end":{"line":41,"column":3}},"line":27},"3":{"name":"(anonymous_3)","decl":{"start":{"line":43,"column":23},"end":{"line":43,"column":24}},"loc":{"start":{"line":43,"column":36},"end":{"line":77,"column":3}},"line":43},"4":{"name":"(anonymous_4)","decl":{"start":{"line":79,"column":21},"end":{"line":79,"column":22}},"loc":{"start":{"line":79,"column":38},"end":{"line":91,"column":3}},"line":79},"5":{"name":"(anonymous_5)","decl":{"start":{"line":93,"column":23},"end":{"line":93,"column":24}},"loc":{"start":{"line":93,"column":37},"end":{"line":104,"column":3}},"line":93},"6":{"name":"(anonymous_6)","decl":{"start":{"line":106,"column":23},"end":{"line":106,"column":24}},"loc":{"start":{"line":106,"column":29},"end":{"line":118,"column":3}},"line":106},"7":{"name":"(anonymous_7)","decl":{"start":{"line":133,"column":21},"end":{"line":133,"column":22}},"loc":{"start":{"line":133,"column":27},"end":{"line":133,"column":44}},"line":133},"8":{"name":"(anonymous_8)","decl":{"start":{"line":163,"column":28},"end":{"line":163,"column":29}},"loc":{"start":{"line":163,"column":35},"end":{"line":163,"column":88}},"line":163},"9":{"name":"(anonymous_9)","decl":{"start":{"line":168,"column":29},"end":{"line":168,"column":30}},"loc":{"start":{"line":169,"column":20},"end":{"line":171,"column":29}},"line":169},"10":{"name":"(anonymous_10)","decl":{"start":{"line":187,"column":28},"end":{"line":187,"column":29}},"loc":{"start":{"line":187,"column":35},"end":{"line":187,"column":85}},"line":187},"11":{"name":"(anonymous_11)","decl":{"start":{"line":205,"column":28},"end":{"line":205,"column":29}},"loc":{"start":{"line":205,"column":35},"end":{"line":205,"column":95}},"line":205},"12":{"name":"(anonymous_12)","decl":{"start":{"line":221,"column":28},"end":{"line":221,"column":29}},"loc":{"start":{"line":221,"column":35},"end":{"line":221,"column":92}},"line":221},"13":{"name":"(anonymous_13)","decl":{"start":{"line":238,"column":26},"end":{"line":238,"column":27}},"loc":{"start":{"line":238,"column":33},"end":{"line":238,"column":85}},"line":238},"14":{"name":"(anonymous_14)","decl":{"start":{"line":251,"column":26},"end":{"line":251,"column":27}},"loc":{"start":{"line":251,"column":33},"end":{"line":251,"column":88}},"line":251},"15":{"name":"(anonymous_15)","decl":{"start":{"line":286,"column":24},"end":{"line":286,"column":25}},"loc":{"start":{"line":286,"column":31},"end":{"line":286,"column":60}},"line":286},"16":{"name":"(anonymous_16)","decl":{"start":{"line":290,"column":25},"end":{"line":290,"column":26}},"loc":{"start":{"line":291,"column":16},"end":{"line":293,"column":25}},"line":291},"17":{"name":"(anonymous_17)","decl":{"start":{"line":304,"column":24},"end":{"line":304,"column":25}},"loc":{"start":{"line":304,"column":31},"end":{"line":304,"column":60}},"line":304},"18":{"name":"(anonymous_18)","decl":{"start":{"line":347,"column":32},"end":{"line":347,"column":33}},"loc":{"start":{"line":348,"column":16},"end":{"line":378,"column":21}},"line":348},"19":{"name":"(anonymous_19)","decl":{"start":{"line":366,"column":31},"end":{"line":366,"column":32}},"loc":{"start":{"line":366,"column":37},"end":{"line":366,"column":60}},"line":366},"20":{"name":"(anonymous_20)","decl":{"start":{"line":372,"column":31},"end":{"line":372,"column":32}},"loc":{"start":{"line":372,"column":37},"end":{"line":372,"column":65}},"line":372}},"branchMap":{"0":{"loc":{"start":{"line":4,"column":16},"end":{"line":4,"column":76}},"type":"binary-expr","locations":[{"start":{"line":4,"column":16},"end":{"line":4,"column":45}},{"start":{"line":4,"column":49},"end":{"line":4,"column":76}}],"line":4},"1":{"loc":{"start":{"line":31,"column":6},"end":{"line":31,"column":59}},"type":"if","locations":[{"start":{"line":31,"column":6},"end":{"line":31,"column":59}},{"start":{},"end":{}}],"line":31},"2":{"loc":{"start":{"line":32,"column":6},"end":{"line":32,"column":56}},"type":"if","locations":[{"start":{"line":32,"column":6},"end":{"line":32,"column":56}},{"start":{},"end":{}}],"line":32},"3":{"loc":{"start":{"line":49,"column":6},"end":{"line":53,"column":7}},"type":"if","locations":[{"start":{"line":49,"column":6},"end":{"line":53,"column":7}},{"start":{"line":51,"column":13},"end":{"line":53,"column":7}}],"line":49},"4":{"loc":{"start":{"line":68,"column":6},"end":{"line":73,"column":7}},"type":"if","locations":[{"start":{"line":68,"column":6},"end":{"line":73,"column":7}},{"start":{"line":71,"column":13},"end":{"line":73,"column":7}}],"line":68},"5":{"loc":{"start":{"line":68,"column":10},"end":{"line":68,"column":88}},"type":"binary-expr","locations":[{"start":{"line":68,"column":10},"end":{"line":68,"column":38}},{"start":{"line":68,"column":42},"end":{"line":68,"column":88}}],"line":68},"6":{"loc":{"start":{"line":72,"column":17},"end":{"line":72,"column":57}},"type":"binary-expr","locations":[{"start":{"line":72,"column":17},"end":{"line":72,"column":25}},{"start":{"line":72,"column":29},"end":{"line":72,"column":57}}],"line":72},"7":{"loc":{"start":{"line":87,"column":17},"end":{"line":87,"column":44}},"type":"binary-expr","locations":[{"start":{"line":87,"column":17},"end":{"line":87,"column":38}},{"start":{"line":87,"column":42},"end":{"line":87,"column":44}}],"line":87},"8":{"loc":{"start":{"line":94,"column":4},"end":{"line":96,"column":5}},"type":"if","locations":[{"start":{"line":94,"column":4},"end":{"line":96,"column":5}},{"start":{},"end":{}}],"line":94},"9":{"loc":{"start":{"line":102,"column":12},"end":{"line":102,"column":70}},"type":"binary-expr","locations":[{"start":{"line":102,"column":12},"end":{"line":102,"column":37}},{"start":{"line":102,"column":41},"end":{"line":102,"column":70}}],"line":102},"10":{"loc":{"start":{"line":131,"column":9},"end":{"line":138,"column":9}},"type":"binary-expr","locations":[{"start":{"line":131,"column":9},"end":{"line":131,"column":18}},{"start":{"line":132,"column":10},"end":{"line":137,"column":19}}],"line":131},"11":{"loc":{"start":{"line":141,"column":7},"end":{"line":275,"column":7}},"type":"binary-expr","locations":[{"start":{"line":141,"column":7},"end":{"line":141,"column":15}},{"start":{"line":142,"column":8},"end":{"line":274,"column":14}}],"line":141},"12":{"loc":{"start":{"line":144,"column":13},"end":{"line":144,"column":75}},"type":"cond-expr","locations":[{"start":{"line":144,"column":34},"end":{"line":144,"column":54}},{"start":{"line":144,"column":57},"end":{"line":144,"column":75}}],"line":144},"13":{"loc":{"start":{"line":147,"column":13},"end":{"line":151,"column":13}},"type":"binary-expr","locations":[{"start":{"line":147,"column":13},"end":{"line":147,"column":18}},{"start":{"line":148,"column":14},"end":{"line":150,"column":20}}],"line":147},"14":{"loc":{"start":{"line":270,"column":17},"end":{"line":270,"column":85}},"type":"cond-expr","locations":[{"start":{"line":270,"column":27},"end":{"line":270,"column":40}},{"start":{"line":270,"column":43},"end":{"line":270,"column":85}}],"line":270},"15":{"loc":{"start":{"line":270,"column":43},"end":{"line":270,"column":85}},"type":"cond-expr","locations":[{"start":{"line":270,"column":64},"end":{"line":270,"column":75}},{"start":{"line":270,"column":78},"end":{"line":270,"column":85}}],"line":270},"16":{"loc":{"start":{"line":311,"column":7},"end":{"line":383,"column":7}},"type":"cond-expr","locations":[{"start":{"line":312,"column":8},"end":{"line":314,"column":14}},{"start":{"line":315,"column":10},"end":{"line":383,"column":7}}],"line":311},"17":{"loc":{"start":{"line":315,"column":10},"end":{"line":383,"column":7}},"type":"cond-expr","locations":[{"start":{"line":316,"column":8},"end":{"line":320,"column":14}},{"start":{"line":322,"column":8},"end":{"line":382,"column":14}}],"line":315},"18":{"loc":{"start":{"line":317,"column":11},"end":{"line":319,"column":89}},"type":"cond-expr","locations":[{"start":{"line":318,"column":14},"end":{"line":318,"column":74}},{"start":{"line":319,"column":14},"end":{"line":319,"column":89}}],"line":317},"19":{"loc":{"start":{"line":317,"column":11},"end":{"line":317,"column":35}},"type":"binary-expr","locations":[{"start":{"line":317,"column":11},"end":{"line":317,"column":21}},{"start":{"line":317,"column":25},"end":{"line":317,"column":35}}],"line":317},"20":{"loc":{"start":{"line":350,"column":21},"end":{"line":350,"column":75}},"type":"binary-expr","locations":[{"start":{"line":350,"column":21},"end":{"line":350,"column":42}},{"start":{"line":350,"column":46},"end":{"line":350,"column":75}}],"line":350},"21":{"loc":{"start":{"line":362,"column":21},"end":{"line":362,"column":49}},"type":"binary-expr","locations":[{"start":{"line":362,"column":21},"end":{"line":362,"column":42}},{"start":{"line":362,"column":46},"end":{"line":362,"column":49}}],"line":362}},"s":{"0":1,"1":1,"2":90,"3":90,"4":90,"5":90,"6":90,"7":90,"8":90,"9":90,"10":90,"11":15,"12":90,"13":17,"14":17,"15":17,"16":17,"17":2,"18":17,"19":1,"20":17,"21":17,"22":0,"23":17,"24":90,"25":2,"26":2,"27":2,"28":2,"29":2,"30":0,"31":2,"32":1,"33":1,"34":1,"35":1,"36":1,"37":1,"38":1,"39":0,"40":2,"41":90,"42":0,"43":0,"44":0,"45":0,"46":90,"47":1,"48":0,"49":1,"50":1,"51":1,"52":0,"53":90,"54":0,"55":0,"56":0,"57":0,"58":90,"59":90,"60":5,"61":2,"62":94,"63":2,"64":2,"65":2,"66":31,"67":0,"68":2,"69":180,"70":1,"71":60,"72":0,"73":1},"f":{"0":90,"1":15,"2":17,"3":2,"4":0,"5":1,"6":0,"7":5,"8":2,"9":94,"10":2,"11":2,"12":2,"13":31,"14":0,"15":2,"16":180,"17":1,"18":60,"19":0,"20":1},"b":{"0":[1,1],"1":[2,15],"2":[1,16],"3":[0,2],"4":[1,0],"5":[1,1],"6":[0,0],"7":[0,0],"8":[0,1],"9":[0,0],"10":[90,43],"11":[90,47],"12":[0,47],"13":[47,1],"14":[2,45],"15":[0,45],"16":[14,76],"17":[16,60],"18":[2,14],"19":[16,14],"20":[60,0],"21":[60,0]},"_coverageSchema":"1a1c01bbd47fc00a2c39e90264f33305004495a9","hash":"b80f7386be54e46dc3c93df1f26ad5306059d1df"}
,"/app/src/components/GerenciarSalas.jsx": {"path":"/app/src/components/GerenciarSalas.jsx","statementMap":{"0":{"start":{"line":4,"column":16},"end":{"line":4,"column":76}},"1":{"start":{"line":6,"column":23},"end":{"line":201,"column":1}},"2":{"start":{"line":7,"column":34},"end":{"line":7,"column":49}},"3":{"start":{"line":8,"column":40},"end":{"line":8,"column":54}},"4":{"start":{"line":9,"column":34},"end":{"line":9,"column":72}},"5":{"start":{"line":10,"column":28},"end":{"line":10,"column":40}},"6":{"start":{"line":11,"column":32},"end":{"line":11,"column":47}},"7":{"start":{"line":13,"column":23},"end":{"line":34,"column":3}},"8":{"start":{"line":14,"column":4},"end":{"line":14,"column":23}},"9":{"start":{"line":15,"column":4},"end":{"line":15,"column":17}},"10":{"start":{"line":16,"column":4},"end":{"line":16,"column":21}},"11":{"start":{"line":18,"column":4},"end":{"line":33,"column":5}},"12":{"start":{"line":19,"column":6},"end":{"line":23,"column":7}},"13":{"start":{"line":20,"column":8},"end":{"line":20,"column":72}},"14":{"start":{"line":22,"column":8},"end":{"line":22,"column":55}},"15":{"start":{"line":25,"column":6},"end":{"line":25,"column":25}},"16":{"start":{"line":26,"column":6},"end":{"line":26,"column":27}},"17":{"start":{"line":27,"column":6},"end":{"line":27,"column":48}},"18":{"start":{"line":28,"column":6},"end":{"line":28,"column":22}},"19":{"start":{"line":30,"column":6},"end":{"line":30,"column":67}},"20":{"start":{"line":32,"column":6},"end":{"line":32,"column":24}},"21":{"start":{"line":36,"column":21},"end":{"line":41,"column":3}},"22":{"start":{"line":37,"column":4},"end":{"line":37,"column":25}},"23":{"start":{"line":38,"column":4},"end":{"line":38,"column":77}},"24":{"start":{"line":39,"column":4},"end":{"line":39,"column":22}},"25":{"start":{"line":40,"column":4},"end":{"line":40,"column":17}},"26":{"start":{"line":43,"column":23},"end":{"line":54,"column":3}},"27":{"start":{"line":44,"column":4},"end":{"line":46,"column":5}},"28":{"start":{"line":45,"column":6},"end":{"line":45,"column":13}},"29":{"start":{"line":48,"column":4},"end":{"line":53,"column":5}},"30":{"start":{"line":49,"column":6},"end":{"line":49,"column":51}},"31":{"start":{"line":50,"column":6},"end":{"line":50,"column":22}},"32":{"start":{"line":52,"column":6},"end":{"line":52,"column":65}},"33":{"start":{"line":56,"column":23},"end":{"line":61,"column":3}},"34":{"start":{"line":57,"column":4},"end":{"line":57,"column":23}},"35":{"start":{"line":58,"column":4},"end":{"line":58,"column":25}},"36":{"start":{"line":59,"column":4},"end":{"line":59,"column":46}},"37":{"start":{"line":60,"column":4},"end":{"line":60,"column":17}},"38":{"start":{"line":63,"column":2},"end":{"line":200,"column":4}},"39":{"start":{"line":74,"column":27},"end":{"line":74,"column":44}},"40":{"start":{"line":104,"column":33},"end":{"line":104,"column":83}},"41":{"start":{"line":124,"column":33},"end":{"line":124,"column":89}},"42":{"start":{"line":172,"column":16},"end":{"line":193,"column":21}},"43":{"start":{"line":181,"column":37},"end":{"line":181,"column":53}},"44":{"start":{"line":187,"column":37},"end":{"line":187,"column":58}}},"fnMap":{"0":{"name":"(anonymous_0)","decl":{"start":{"line":6,"column":23},"end":{"line":6,"column":24}},"loc":{"start":{"line":6,"column":53},"end":{"line":201,"column":1}},"line":6},"1":{"name":"(anonymous_1)","decl":{"start":{"line":13,"column":23},"end":{"line":13,"column":24}},"loc":{"start":{"line":13,"column":36},"end":{"line":34,"column":3}},"line":13},"2":{"name":"(anonymous_2)","decl":{"start":{"line":36,"column":21},"end":{"line":36,"column":22}},"loc":{"start":{"line":36,"column":31},"end":{"line":41,"column":3}},"line":36},"3":{"name":"(anonymous_3)","decl":{"start":{"line":43,"column":23},"end":{"line":43,"column":24}},"loc":{"start":{"line":43,"column":37},"end":{"line":54,"column":3}},"line":43},"4":{"name":"(anonymous_4)","decl":{"start":{"line":56,"column":23},"end":{"line":56,"column":24}},"loc":{"start":{"line":56,"column":29},"end":{"line":61,"column":3}},"line":56},"5":{"name":"(anonymous_5)","decl":{"start":{"line":74,"column":21},"end":{"line":74,"column":22}},"loc":{"start":{"line":74,"column":27},"end":{"line":74,"column":44}},"line":74},"6":{"name":"(anonymous_6)","decl":{"start":{"line":104,"column":26},"end":{"line":104,"column":27}},"loc":{"start":{"line":104,"column":33},"end":{"line":104,"column":83}},"line":104},"7":{"name":"(anonymous_7)","decl":{"start":{"line":124,"column":26},"end":{"line":124,"column":27}},"loc":{"start":{"line":124,"column":33},"end":{"line":124,"column":89}},"line":124},"8":{"name":"(anonymous_8)","decl":{"start":{"line":171,"column":25},"end":{"line":171,"column":26}},"loc":{"start":{"line":172,"column":16},"end":{"line":193,"column":21}},"line":172},"9":{"name":"(anonymous_9)","decl":{"start":{"line":181,"column":31},"end":{"line":181,"column":32}},"loc":{"start":{"line":181,"column":37},"end":{"line":181,"column":53}},"line":181},"10":{"name":"(anonymous_10)","decl":{"start":{"line":187,"column":31},"end":{"line":187,"column":32}},"loc":{"start":{"line":187,"column":37},"end":{"line":187,"column":58}},"line":187}},"branchMap":{"0":{"loc":{"start":{"line":4,"column":16},"end":{"line":4,"column":76}},"type":"binary-expr","locations":[{"start":{"line":4,"column":16},"end":{"line":4,"column":45}},{"start":{"line":4,"column":49},"end":{"line":4,"column":76}}],"line":4},"1":{"loc":{"start":{"line":19,"column":6},"end":{"line":23,"column":7}},"type":"if","locations":[{"start":{"line":19,"column":6},"end":{"line":23,"column":7}},{"start":{"line":21,"column":13},"end":{"line":23,"column":7}}],"line":19},"2":{"loc":{"start":{"line":30,"column":15},"end":{"line":30,"column":65}},"type":"binary-expr","locations":[{"start":{"line":30,"column":15},"end":{"line":30,"column":40}},{"start":{"line":30,"column":44},"end":{"line":30,"column":65}}],"line":30},"3":{"loc":{"start":{"line":44,"column":4},"end":{"line":46,"column":5}},"type":"if","locations":[{"start":{"line":44,"column":4},"end":{"line":46,"column":5}},{"start":{},"end":{}}],"line":44},"4":{"loc":{"start":{"line":52,"column":12},"end":{"line":52,"column":63}},"type":"binary-expr","locations":[{"start":{"line":52,"column":12},"end":{"line":52,"column":37}},{"start":{"line":52,"column":41},"end":{"line":52,"column":63}}],"line":52},"5":{"loc":{"start":{"line":72,"column":9},"end":{"line":79,"column":9}},"type":"binary-expr","locations":[{"start":{"line":72,"column":9},"end":{"line":72,"column":18}},{"start":{"line":73,"column":10},"end":{"line":78,"column":19}}],"line":72},"6":{"loc":{"start":{"line":82,"column":7},"end":{"line":148,"column":7}},"type":"binary-expr","locations":[{"start":{"line":82,"column":7},"end":{"line":82,"column":15}},{"start":{"line":83,"column":8},"end":{"line":147,"column":14}}],"line":82},"7":{"loc":{"start":{"line":85,"column":13},"end":{"line":85,"column":54}},"type":"cond-expr","locations":[{"start":{"line":85,"column":27},"end":{"line":85,"column":40}},{"start":{"line":85,"column":43},"end":{"line":85,"column":54}}],"line":85},"8":{"loc":{"start":{"line":88,"column":13},"end":{"line":92,"column":13}},"type":"binary-expr","locations":[{"start":{"line":88,"column":13},"end":{"line":88,"column":18}},{"start":{"line":89,"column":14},"end":{"line":91,"column":20}}],"line":88},"9":{"loc":{"start":{"line":143,"column":17},"end":{"line":143,"column":78}},"type":"cond-expr","locations":[{"start":{"line":143,"column":27},"end":{"line":143,"column":40}},{"start":{"line":143,"column":43},"end":{"line":143,"column":78}}],"line":143},"10":{"loc":{"start":{"line":143,"column":43},"end":{"line":143,"column":78}},"type":"cond-expr","locations":[{"start":{"line":143,"column":57},"end":{"line":143,"column":68}},{"start":{"line":143,"column":71},"end":{"line":143,"column":78}}],"line":143},"11":{"loc":{"start":{"line":151,"column":9},"end":{"line":197,"column":9}},"type":"cond-expr","locations":[{"start":{"line":152,"column":10},"end":{"line":154,"column":16}},{"start":{"line":156,"column":10},"end":{"line":196,"column":18}}],"line":151},"12":{"loc":{"start":{"line":177,"column":45},"end":{"line":177,"column":75}},"type":"cond-expr","locations":[{"start":{"line":177,"column":67},"end":{"line":177,"column":70}},{"start":{"line":177,"column":73},"end":{"line":177,"column":75}}],"line":177}},"s":{"0":1,"1":1,"2":63,"3":63,"4":63,"5":63,"6":63,"7":63,"8":3,"9":3,"10":3,"11":3,"12":3,"13":1,"14":2,"15":2,"16":2,"17":2,"18":2,"19":1,"20":3,"21":63,"22":1,"23":1,"24":1,"25":1,"26":63,"27":1,"28":0,"29":1,"30":1,"31":1,"32":0,"33":63,"34":1,"35":1,"36":1,"37":1,"38":63,"39":7,"40":30,"41":7,"42":124,"43":1,"44":1},"f":{"0":63,"1":3,"2":1,"3":1,"4":1,"5":7,"6":30,"7":7,"8":124,"9":1,"10":1},"b":{"0":[1,1],"1":[1,2],"2":[1,0],"3":[0,1],"4":[0,0],"5":[63,14],"6":[63,49],"7":[23,26],"8":[49,1],"9":[3,46],"10":[22,24],"11":[1,62],"12":[124,0]},"_coverageSchema":"1a1c01bbd47fc00a2c39e90264f33305004495a9","hash":"1299b514c54d2c15a419e2ce4df2fa43fcd1fb2f"}
,"/app/src/tests/setup.js": {"path":"/app/src/tests/setup.js","statementMap":{"0":{"start":{"line":4,"column":0},"end":{"line":9,"column":2}},"1":{"start":{"line":5,"column":21},"end":{"line":5,"column":50}},"2":{"start":{"line":6,"column":22},"end":{"line":6,"column":51}},"3":{"start":{"line":7,"column":21},"end":{"line":7,"column":50}},"4":{"start":{"line":8,"column":24},"end":{"line":8,"column":53}}},"fnMap":{"0":{"name":"(anonymous_0)","decl":{"start":{"line":5,"column":15},"end":{"line":5,"column":16}},"loc":{"start":{"line":5,"column":21},"end":{"line":5,"column":50}},"line":5},"1":{"name":"(anonymous_1)","decl":{"start":{"line":6,"column":16},"end":{"line":6,"column":17}},"loc":{"start":{"line":6,"column":22},"end":{"line":6,"column":51}},"line":6},"2":{"name":"(anonymous_2)","decl":{"start":{"line":7,"column":15},"end":{"line":7,"column":16}},"loc":{"start":{"line":7,"column":21},"end":{"line":7,"column":50}},"line":7},"3":{"name":"(anonymous_3)","decl":{"start":{"line":8,"column":18},"end":{"line":8,"column":19}},"loc":{"start":{"line":8,"column":24},"end":{"line":8,"column":53}},"line":8}},"branchMap":{},"s":{"0":0,"1":0,"2":0,"3":0,"4":0},"f":{"0":0,"1":0,"2":0,"3":0},"b":{}}
}
