TN:
SF:src/App.jsx
FN:8,App
FN:13,(anonymous_1)
FN:25,(anonymous_2)
FN:47,(anonymous_3)
FN:58,(anonymous_4)
FNF:5
FNH:0
FNDA:0,App
FNDA:0,(anonymous_1)
FNDA:0,(anonymous_2)
FNDA:0,(anonymous_3)
FNDA:0,(anonymous_4)
DA:6,0
DA:9,0
DA:10,0
DA:11,0
DA:13,0
DA:14,0
DA:15,0
DA:16,0
DA:17,0
DA:19,0
DA:21,0
DA:25,0
DA:26,0
DA:29,0
DA:47,0
DA:58,0
LF:16
LH:0
BRDA:6,0,0,0
BRDA:6,0,1,0
BRDA:48,1,0,0
BRDA:48,1,1,0
BRDA:50,2,0,0
BRDA:50,2,1,0
BRDA:59,3,0,0
BRDA:59,3,1,0
BRDA:61,4,0,0
BRDA:61,4,1,0
BRDA:75,5,0,0
BRDA:75,5,1,0
BRDA:78,6,0,0
BRDA:78,6,1,0
BRF:14
BRH:0
end_of_record
TN:
SF:src/index.js
FNF:0
FNH:0
DA:6,0
DA:7,0
LF:2
LH:0
BRF:0
BRH:0
end_of_record
TN:
SF:src/components/GerenciarAgendamentos.jsx
FN:6,(anonymous_0)
FN:23,(anonymous_1)
FN:27,(anonymous_2)
FN:43,(anonymous_3)
FN:79,(anonymous_4)
FN:93,(anonymous_5)
FN:106,(anonymous_6)
FN:133,(anonymous_7)
FN:163,(anonymous_8)
FN:168,(anonymous_9)
FN:187,(anonymous_10)
FN:205,(anonymous_11)
FN:221,(anonymous_12)
FN:238,(anonymous_13)
FN:251,(anonymous_14)
FN:286,(anonymous_15)
FN:290,(anonymous_16)
FN:304,(anonymous_17)
FN:347,(anonymous_18)
FN:366,(anonymous_19)
FN:372,(anonymous_20)
FNF:21
FNH:17
FNDA:90,(anonymous_0)
FNDA:15,(anonymous_1)
FNDA:17,(anonymous_2)
FNDA:2,(anonymous_3)
FNDA:0,(anonymous_4)
FNDA:1,(anonymous_5)
FNDA:0,(anonymous_6)
FNDA:5,(anonymous_7)
FNDA:2,(anonymous_8)
FNDA:94,(anonymous_9)
FNDA:2,(anonymous_10)
FNDA:2,(anonymous_11)
FNDA:2,(anonymous_12)
FNDA:31,(anonymous_13)
FNDA:0,(anonymous_14)
FNDA:2,(anonymous_15)
FNDA:180,(anonymous_16)
FNDA:1,(anonymous_17)
FNDA:60,(anonymous_18)
FNDA:0,(anonymous_19)
FNDA:1,(anonymous_20)
DA:4,1
DA:6,1
DA:7,90
DA:8,90
DA:9,90
DA:10,90
DA:11,90
DA:12,90
DA:20,90
DA:21,90
DA:23,90
DA:24,15
DA:27,90
DA:28,17
DA:29,17
DA:30,17
DA:31,17
DA:32,17
DA:34,17
DA:35,17
DA:37,0
DA:39,17
DA:43,90
DA:44,2
DA:45,2
DA:46,2
DA:48,2
DA:49,2
DA:50,0
DA:52,2
DA:55,1
DA:56,1
DA:57,1
DA:65,1
DA:67,1
DA:68,1
DA:70,1
DA:72,0
DA:75,2
DA:79,90
DA:80,0
DA:81,0
DA:89,0
DA:90,0
DA:93,90
DA:94,1
DA:95,0
DA:98,1
DA:99,1
DA:100,1
DA:102,0
DA:106,90
DA:107,0
DA:108,0
DA:109,0
DA:117,0
DA:120,90
DA:122,90
DA:133,5
DA:163,2
DA:169,94
DA:187,2
DA:205,2
DA:221,2
DA:238,31
DA:251,0
DA:286,2
DA:291,180
DA:304,1
DA:348,60
DA:366,0
DA:372,1
LF:72
LH:57
BRDA:4,0,0,1
BRDA:4,0,1,1
BRDA:31,1,0,2
BRDA:31,1,1,15
BRDA:32,2,0,1
BRDA:32,2,1,16
BRDA:49,3,0,0
BRDA:49,3,1,2
BRDA:68,4,0,1
BRDA:68,4,1,0
BRDA:68,5,0,1
BRDA:68,5,1,1
BRDA:72,6,0,0
BRDA:72,6,1,0
BRDA:87,7,0,0
BRDA:87,7,1,0
BRDA:94,8,0,0
BRDA:94,8,1,1
BRDA:102,9,0,0
BRDA:102,9,1,0
BRDA:131,10,0,90
BRDA:131,10,1,43
BRDA:141,11,0,90
BRDA:141,11,1,47
BRDA:144,12,0,0
BRDA:144,12,1,47
BRDA:147,13,0,47
BRDA:147,13,1,1
BRDA:270,14,0,2
BRDA:270,14,1,45
BRDA:270,15,0,0
BRDA:270,15,1,45
BRDA:311,16,0,14
BRDA:311,16,1,76
BRDA:315,17,0,16
BRDA:315,17,1,60
BRDA:317,18,0,2
BRDA:317,18,1,14
BRDA:317,19,0,16
BRDA:317,19,1,14
BRDA:350,20,0,60
BRDA:350,20,1,0
BRDA:362,21,0,60
BRDA:362,21,1,0
BRF:44
BRH:31
end_of_record
TN:
SF:src/components/GerenciarSalas.jsx
FN:6,(anonymous_0)
FN:13,(anonymous_1)
FN:36,(anonymous_2)
FN:43,(anonymous_3)
FN:56,(anonymous_4)
FN:74,(anonymous_5)
FN:104,(anonymous_6)
FN:124,(anonymous_7)
FN:171,(anonymous_8)
FN:181,(anonymous_9)
FN:187,(anonymous_10)
FNF:11
FNH:11
FNDA:63,(anonymous_0)
FNDA:3,(anonymous_1)
FNDA:1,(anonymous_2)
FNDA:1,(anonymous_3)
FNDA:1,(anonymous_4)
FNDA:7,(anonymous_5)
FNDA:30,(anonymous_6)
FNDA:7,(anonymous_7)
FNDA:124,(anonymous_8)
FNDA:1,(anonymous_9)
FNDA:1,(anonymous_10)
DA:4,1
DA:6,1
DA:7,63
DA:8,63
DA:9,63
DA:10,63
DA:11,63
DA:13,63
DA:14,3
DA:15,3
DA:16,3
DA:18,3
DA:19,3
DA:20,1
DA:22,2
DA:25,2
DA:26,2
DA:27,2
DA:28,2
DA:30,1
DA:32,3
DA:36,63
DA:37,1
DA:38,1
DA:39,1
DA:40,1
DA:43,63
DA:44,1
DA:45,0
DA:48,1
DA:49,1
DA:50,1
DA:52,0
DA:56,63
DA:57,1
DA:58,1
DA:59,1
DA:60,1
DA:63,63
DA:74,7
DA:104,30
DA:124,7
DA:172,124
DA:181,1
DA:187,1
LF:45
LH:43
BRDA:4,0,0,1
BRDA:4,0,1,1
BRDA:19,1,0,1
BRDA:19,1,1,2
BRDA:30,2,0,1
BRDA:30,2,1,0
BRDA:44,3,0,0
BRDA:44,3,1,1
BRDA:52,4,0,0
BRDA:52,4,1,0
BRDA:72,5,0,63
BRDA:72,5,1,14
BRDA:82,6,0,63
BRDA:82,6,1,49
BRDA:85,7,0,23
BRDA:85,7,1,26
BRDA:88,8,0,49
BRDA:88,8,1,1
BRDA:143,9,0,3
BRDA:143,9,1,46
BRDA:143,10,0,22
BRDA:143,10,1,24
BRDA:151,11,0,1
BRDA:151,11,1,62
BRDA:177,12,0,124
BRDA:177,12,1,0
BRF:26
BRH:21
end_of_record
TN:
SF:src/tests/setup.js
FN:5,(anonymous_0)
FN:6,(anonymous_1)
FN:7,(anonymous_2)
FN:8,(anonymous_3)
FNF:4
FNH:0
FNDA:0,(anonymous_0)
FNDA:0,(anonymous_1)
FNDA:0,(anonymous_2)
FNDA:0,(anonymous_3)
DA:4,0
DA:5,0
DA:6,0
DA:7,0
DA:8,0
LF:5
LH:0
BRF:0
BRH:0
end_of_record
