{"/app/src/middleware/validation.js": {"path":"/app/src/middleware/validation.js","statementMap":{"0":{"start":{"line":1,"column":21},"end":{"line":27,"column":1}},"1":{"start":{"line":2,"column":31},"end":{"line":2,"column":39}},"2":{"start":{"line":3,"column":17},"end":{"line":3,"column":19}},"3":{"start":{"line":5,"column":2},"end":{"line":9,"column":3}},"4":{"start":{"line":6,"column":4},"end":{"line":6,"column":46}},"5":{"start":{"line":7,"column":9},"end":{"line":9,"column":3}},"6":{"start":{"line":8,"column":4},"end":{"line":8,"column":66}},"7":{"start":{"line":11,"column":2},"end":{"line":18,"column":3}},"8":{"start":{"line":12,"column":4},"end":{"line":12,"column":44}},"9":{"start":{"line":14,"column":16},"end":{"line":14,"column":36}},"10":{"start":{"line":15,"column":4},"end":{"line":17,"column":5}},"11":{"start":{"line":16,"column":6},"end":{"line":16,"column":74}},"12":{"start":{"line":20,"column":2},"end":{"line":22,"column":3}},"13":{"start":{"line":21,"column":4},"end":{"line":21,"column":62}},"14":{"start":{"line":24,"column":2},"end":{"line":24,"column":45}},"15":{"start":{"line":25,"column":2},"end":{"line":25,"column":30}},"16":{"start":{"line":26,"column":2},"end":{"line":26,"column":9}},"17":{"start":{"line":29,"column":28},"end":{"line":116,"column":1}},"18":{"start":{"line":30,"column":76},"end":{"line":30,"column":84}},"19":{"start":{"line":31,"column":17},"end":{"line":31,"column":19}},"20":{"start":{"line":33,"column":2},"end":{"line":42,"column":3}},"21":{"start":{"line":34,"column":4},"end":{"line":34,"column":74}},"22":{"start":{"line":36,"column":19},"end":{"line":36,"column":40}},"23":{"start":{"line":37,"column":4},"end":{"line":41,"column":5}},"24":{"start":{"line":38,"column":6},"end":{"line":38,"column":75}},"25":{"start":{"line":40,"column":6},"end":{"line":40,"column":32}},"26":{"start":{"line":44,"column":2},"end":{"line":58,"column":3}},"27":{"start":{"line":45,"column":4},"end":{"line":45,"column":38}},"28":{"start":{"line":47,"column":20},"end":{"line":47,"column":48}},"29":{"start":{"line":48,"column":4},"end":{"line":57,"column":5}},"30":{"start":{"line":49,"column":6},"end":{"line":49,"column":61}},"31":{"start":{"line":51,"column":19},"end":{"line":51,"column":29}},"32":{"start":{"line":52,"column":6},"end":{"line":52,"column":32}},"33":{"start":{"line":53,"column":6},"end":{"line":55,"column":7}},"34":{"start":{"line":54,"column":8},"end":{"line":54,"column":69}},"35":{"start":{"line":56,"column":6},"end":{"line":56,"column":27}},"36":{"start":{"line":60,"column":2},"end":{"line":64,"column":3}},"37":{"start":{"line":61,"column":4},"end":{"line":61,"column":51}},"38":{"start":{"line":62,"column":9},"end":{"line":64,"column":3}},"39":{"start":{"line":63,"column":4},"end":{"line":63,"column":78}},"40":{"start":{"line":66,"column":2},"end":{"line":70,"column":3}},"41":{"start":{"line":67,"column":4},"end":{"line":67,"column":52}},"42":{"start":{"line":68,"column":9},"end":{"line":70,"column":3}},"43":{"start":{"line":69,"column":4},"end":{"line":69,"column":79}},"44":{"start":{"line":72,"column":2},"end":{"line":97,"column":3}},"45":{"start":{"line":73,"column":31},"end":{"line":73,"column":68}},"46":{"start":{"line":74,"column":25},"end":{"line":74,"column":59}},"47":{"start":{"line":75,"column":26},"end":{"line":75,"column":48}},"48":{"start":{"line":76,"column":23},"end":{"line":76,"column":39}},"49":{"start":{"line":78,"column":4},"end":{"line":80,"column":5}},"50":{"start":{"line":79,"column":6},"end":{"line":79,"column":77}},"51":{"start":{"line":82,"column":4},"end":{"line":96,"column":5}},"52":{"start":{"line":83,"column":19},"end":{"line":83,"column":57}},"53":{"start":{"line":84,"column":6},"end":{"line":95,"column":7}},"54":{"start":{"line":85,"column":22},"end":{"line":85,"column":32}},"55":{"start":{"line":86,"column":41},"end":{"line":86,"column":78}},"56":{"start":{"line":87,"column":33},"end":{"line":87,"column":61}},"57":{"start":{"line":88,"column":26},"end":{"line":88,"column":42}},"58":{"start":{"line":89,"column":30},"end":{"line":89,"column":48}},"59":{"start":{"line":90,"column":36},"end":{"line":90,"column":66}},"60":{"start":{"line":92,"column":8},"end":{"line":94,"column":9}},"61":{"start":{"line":93,"column":10},"end":{"line":93,"column":71}},"62":{"start":{"line":99,"column":2},"end":{"line":105,"column":3}},"63":{"start":{"line":100,"column":4},"end":{"line":100,"column":40}},"64":{"start":{"line":101,"column":9},"end":{"line":105,"column":3}},"65":{"start":{"line":102,"column":4},"end":{"line":102,"column":60}},"66":{"start":{"line":104,"column":4},"end":{"line":104,"column":36}},"67":{"start":{"line":107,"column":2},"end":{"line":109,"column":3}},"68":{"start":{"line":108,"column":4},"end":{"line":108,"column":47}},"69":{"start":{"line":111,"column":2},"end":{"line":113,"column":3}},"70":{"start":{"line":112,"column":4},"end":{"line":112,"column":62}},"71":{"start":{"line":115,"column":2},"end":{"line":115,"column":9}},"72":{"start":{"line":118,"column":0},"end":{"line":121,"column":2}}},"fnMap":{"0":{"name":"(anonymous_0)","decl":{"start":{"line":1,"column":21},"end":{"line":1,"column":22}},"loc":{"start":{"line":1,"column":41},"end":{"line":27,"column":1}},"line":1},"1":{"name":"(anonymous_1)","decl":{"start":{"line":29,"column":28},"end":{"line":29,"column":29}},"loc":{"start":{"line":29,"column":48},"end":{"line":116,"column":1}},"line":29}},"branchMap":{"0":{"loc":{"start":{"line":5,"column":2},"end":{"line":9,"column":3}},"type":"if","locations":[{"start":{"line":5,"column":2},"end":{"line":9,"column":3}},{"start":{"line":7,"column":9},"end":{"line":9,"column":3}}],"line":5},"1":{"loc":{"start":{"line":5,"column":6},"end":{"line":5,"column":67}},"type":"binary-expr","locations":[{"start":{"line":5,"column":6},"end":{"line":5,"column":11}},{"start":{"line":5,"column":15},"end":{"line":5,"column":39}},{"start":{"line":5,"column":43},"end":{"line":5,"column":67}}],"line":5},"2":{"loc":{"start":{"line":7,"column":9},"end":{"line":9,"column":3}},"type":"if","locations":[{"start":{"line":7,"column":9},"end":{"line":9,"column":3}},{"start":{},"end":{}}],"line":7},"3":{"loc":{"start":{"line":11,"column":2},"end":{"line":18,"column":3}},"type":"if","locations":[{"start":{"line":11,"column":2},"end":{"line":18,"column":3}},{"start":{"line":13,"column":9},"end":{"line":18,"column":3}}],"line":11},"4":{"loc":{"start":{"line":11,"column":6},"end":{"line":11,"column":53}},"type":"binary-expr","locations":[{"start":{"line":11,"column":6},"end":{"line":11,"column":30}},{"start":{"line":11,"column":34},"end":{"line":11,"column":53}}],"line":11},"5":{"loc":{"start":{"line":15,"column":4},"end":{"line":17,"column":5}},"type":"if","locations":[{"start":{"line":15,"column":4},"end":{"line":17,"column":5}},{"start":{},"end":{}}],"line":15},"6":{"loc":{"start":{"line":15,"column":8},"end":{"line":15,"column":71}},"type":"binary-expr","locations":[{"start":{"line":15,"column":8},"end":{"line":15,"column":18}},{"start":{"line":15,"column":22},"end":{"line":15,"column":30}},{"start":{"line":15,"column":34},"end":{"line":15,"column":71}}],"line":15},"7":{"loc":{"start":{"line":20,"column":2},"end":{"line":22,"column":3}},"type":"if","locations":[{"start":{"line":20,"column":2},"end":{"line":22,"column":3}},{"start":{},"end":{}}],"line":20},"8":{"loc":{"start":{"line":33,"column":2},"end":{"line":42,"column":3}},"type":"if","locations":[{"start":{"line":33,"column":2},"end":{"line":42,"column":3}},{"start":{"line":35,"column":9},"end":{"line":42,"column":3}}],"line":33},"9":{"loc":{"start":{"line":33,"column":6},"end":{"line":33,"column":65}},"type":"binary-expr","locations":[{"start":{"line":33,"column":6},"end":{"line":33,"column":27}},{"start":{"line":33,"column":31},"end":{"line":33,"column":47}},{"start":{"line":33,"column":51},"end":{"line":33,"column":65}}],"line":33},"10":{"loc":{"start":{"line":37,"column":4},"end":{"line":41,"column":5}},"type":"if","locations":[{"start":{"line":37,"column":4},"end":{"line":41,"column":5}},{"start":{"line":39,"column":11},"end":{"line":41,"column":5}}],"line":37},"11":{"loc":{"start":{"line":37,"column":8},"end":{"line":37,"column":65}},"type":"binary-expr","locations":[{"start":{"line":37,"column":8},"end":{"line":37,"column":21}},{"start":{"line":37,"column":25},"end":{"line":37,"column":36}},{"start":{"line":37,"column":40},"end":{"line":37,"column":65}}],"line":37},"12":{"loc":{"start":{"line":44,"column":2},"end":{"line":58,"column":3}},"type":"if","locations":[{"start":{"line":44,"column":2},"end":{"line":58,"column":3}},{"start":{"line":46,"column":9},"end":{"line":58,"column":3}}],"line":44},"13":{"loc":{"start":{"line":48,"column":4},"end":{"line":57,"column":5}},"type":"if","locations":[{"start":{"line":48,"column":4},"end":{"line":57,"column":5}},{"start":{"line":50,"column":11},"end":{"line":57,"column":5}}],"line":48},"14":{"loc":{"start":{"line":53,"column":6},"end":{"line":55,"column":7}},"type":"if","locations":[{"start":{"line":53,"column":6},"end":{"line":55,"column":7}},{"start":{},"end":{}}],"line":53},"15":{"loc":{"start":{"line":60,"column":2},"end":{"line":64,"column":3}},"type":"if","locations":[{"start":{"line":60,"column":2},"end":{"line":64,"column":3}},{"start":{"line":62,"column":9},"end":{"line":64,"column":3}}],"line":60},"16":{"loc":{"start":{"line":62,"column":9},"end":{"line":64,"column":3}},"type":"if","locations":[{"start":{"line":62,"column":9},"end":{"line":64,"column":3}},{"start":{},"end":{}}],"line":62},"17":{"loc":{"start":{"line":66,"column":2},"end":{"line":70,"column":3}},"type":"if","locations":[{"start":{"line":66,"column":2},"end":{"line":70,"column":3}},{"start":{"line":68,"column":9},"end":{"line":70,"column":3}}],"line":66},"18":{"loc":{"start":{"line":68,"column":9},"end":{"line":70,"column":3}},"type":"if","locations":[{"start":{"line":68,"column":9},"end":{"line":70,"column":3}},{"start":{},"end":{}}],"line":68},"19":{"loc":{"start":{"line":72,"column":2},"end":{"line":97,"column":3}},"type":"if","locations":[{"start":{"line":72,"column":2},"end":{"line":97,"column":3}},{"start":{},"end":{}}],"line":72},"20":{"loc":{"start":{"line":72,"column":6},"end":{"line":72,"column":35}},"type":"binary-expr","locations":[{"start":{"line":72,"column":6},"end":{"line":72,"column":20}},{"start":{"line":72,"column":24},"end":{"line":72,"column":35}}],"line":72},"21":{"loc":{"start":{"line":78,"column":4},"end":{"line":80,"column":5}},"type":"if","locations":[{"start":{"line":78,"column":4},"end":{"line":80,"column":5}},{"start":{},"end":{}}],"line":78},"22":{"loc":{"start":{"line":82,"column":4},"end":{"line":96,"column":5}},"type":"if","locations":[{"start":{"line":82,"column":4},"end":{"line":96,"column":5}},{"start":{},"end":{}}],"line":82},"23":{"loc":{"start":{"line":82,"column":8},"end":{"line":82,"column":30}},"type":"binary-expr","locations":[{"start":{"line":82,"column":8},"end":{"line":82,"column":12}},{"start":{"line":82,"column":16},"end":{"line":82,"column":30}}],"line":82},"24":{"loc":{"start":{"line":84,"column":6},"end":{"line":95,"column":7}},"type":"if","locations":[{"start":{"line":84,"column":6},"end":{"line":95,"column":7}},{"start":{},"end":{}}],"line":84},"25":{"loc":{"start":{"line":92,"column":8},"end":{"line":94,"column":9}},"type":"if","locations":[{"start":{"line":92,"column":8},"end":{"line":94,"column":9}},{"start":{},"end":{}}],"line":92},"26":{"loc":{"start":{"line":99,"column":2},"end":{"line":105,"column":3}},"type":"if","locations":[{"start":{"line":99,"column":2},"end":{"line":105,"column":3}},{"start":{"line":101,"column":9},"end":{"line":105,"column":3}}],"line":99},"27":{"loc":{"start":{"line":99,"column":6},"end":{"line":99,"column":73}},"type":"binary-expr","locations":[{"start":{"line":99,"column":6},"end":{"line":99,"column":13}},{"start":{"line":99,"column":17},"end":{"line":99,"column":43}},{"start":{"line":99,"column":47},"end":{"line":99,"column":73}}],"line":99},"28":{"loc":{"start":{"line":101,"column":9},"end":{"line":105,"column":3}},"type":"if","locations":[{"start":{"line":101,"column":9},"end":{"line":105,"column":3}},{"start":{"line":103,"column":9},"end":{"line":105,"column":3}}],"line":101},"29":{"loc":{"start":{"line":107,"column":2},"end":{"line":109,"column":3}},"type":"if","locations":[{"start":{"line":107,"column":2},"end":{"line":109,"column":3}},{"start":{},"end":{}}],"line":107},"30":{"loc":{"start":{"line":107,"column":6},"end":{"line":107,"column":48}},"type":"binary-expr","locations":[{"start":{"line":107,"column":6},"end":{"line":107,"column":15}},{"start":{"line":107,"column":19},"end":{"line":107,"column":48}}],"line":107},"31":{"loc":{"start":{"line":111,"column":2},"end":{"line":113,"column":3}},"type":"if","locations":[{"start":{"line":111,"column":2},"end":{"line":113,"column":3}},{"start":{},"end":{}}],"line":111}},"s":{"0":4,"1":67,"2":67,"3":67,"4":4,"5":63,"6":0,"7":67,"8":2,"9":65,"10":65,"11":5,"12":67,"13":10,"14":57,"15":57,"16":57,"17":4,"18":57,"19":57,"20":57,"21":0,"22":57,"23":57,"24":0,"25":57,"26":57,"27":1,"28":56,"29":56,"30":0,"31":56,"32":56,"33":56,"34":2,"35":56,"36":57,"37":1,"38":56,"39":0,"40":57,"41":1,"42":56,"43":0,"44":57,"45":55,"46":55,"47":55,"48":55,"49":55,"50":4,"51":55,"52":54,"53":54,"54":3,"55":3,"56":3,"57":3,"58":3,"59":3,"60":3,"61":1,"62":57,"63":2,"64":55,"65":0,"66":55,"67":57,"68":0,"69":57,"70":12,"71":45,"72":4},"f":{"0":67,"1":57},"b":{"0":[4,63],"1":[67,63,63],"2":[0,63],"3":[2,65],"4":[67,65],"5":[5,60],"6":[65,65,62],"7":[10,57],"8":[0,57],"9":[57,57,57],"10":[0,57],"11":[57,57,57],"12":[1,56],"13":[0,56],"14":[2,54],"15":[1,56],"16":[0,56],"17":[1,56],"18":[0,56],"19":[55,2],"20":[57,56],"21":[4,51],"22":[54,1],"23":[55,54],"24":[3,51],"25":[1,2],"26":[2,55],"27":[57,55,55],"28":[0,55],"29":[0,57],"30":[57,1],"31":[12,45]},"_coverageSchema":"1a1c01bbd47fc00a2c39e90264f33305004495a9","hash":"d69566571da1eff568aca6425a78dc8ade8c0715"}
,"/app/src/models/database.js": {"path":"/app/src/models/database.js","statementMap":{"0":{"start":{"line":1,"column":17},"end":{"line":1,"column":30}},"1":{"start":{"line":3,"column":13},"end":{"line":9,"column":2}},"2":{"start":{"line":11,"column":0},"end":{"line":14,"column":3}},"3":{"start":{"line":12,"column":2},"end":{"line":12,"column":62}},"4":{"start":{"line":13,"column":2},"end":{"line":13,"column":19}},"5":{"start":{"line":16,"column":0},"end":{"line":16,"column":26}}},"fnMap":{"0":{"name":"(anonymous_0)","decl":{"start":{"line":11,"column":17},"end":{"line":11,"column":18}},"loc":{"start":{"line":11,"column":26},"end":{"line":14,"column":1}},"line":11}},"branchMap":{"0":{"loc":{"start":{"line":4,"column":8},"end":{"line":4,"column":42}},"type":"binary-expr","locations":[{"start":{"line":4,"column":8},"end":{"line":4,"column":27}},{"start":{"line":4,"column":31},"end":{"line":4,"column":42}}],"line":4},"1":{"loc":{"start":{"line":5,"column":8},"end":{"line":5,"column":35}},"type":"binary-expr","locations":[{"start":{"line":5,"column":8},"end":{"line":5,"column":27}},{"start":{"line":5,"column":31},"end":{"line":5,"column":35}}],"line":5},"2":{"loc":{"start":{"line":6,"column":12},"end":{"line":6,"column":49}},"type":"binary-expr","locations":[{"start":{"line":6,"column":12},"end":{"line":6,"column":31}},{"start":{"line":6,"column":35},"end":{"line":6,"column":49}}],"line":6},"3":{"loc":{"start":{"line":7,"column":8},"end":{"line":7,"column":41}},"type":"binary-expr","locations":[{"start":{"line":7,"column":8},"end":{"line":7,"column":27}},{"start":{"line":7,"column":31},"end":{"line":7,"column":41}}],"line":7},"4":{"loc":{"start":{"line":8,"column":12},"end":{"line":8,"column":49}},"type":"binary-expr","locations":[{"start":{"line":8,"column":12},"end":{"line":8,"column":35}},{"start":{"line":8,"column":39},"end":{"line":8,"column":49}}],"line":8}},"s":{"0":0,"1":0,"2":0,"3":0,"4":0,"5":0},"f":{"0":0},"b":{"0":[0,0],"1":[0,0],"2":[0,0],"3":[0,0],"4":[0,0]}}
,"/app/src/routes/agendamentos.js": {"path":"/app/src/routes/agendamentos.js","statementMap":{"0":{"start":{"line":1,"column":16},"end":{"line":1,"column":34}},"1":{"start":{"line":2,"column":15},"end":{"line":2,"column":31}},"2":{"start":{"line":3,"column":17},"end":{"line":3,"column":46}},"3":{"start":{"line":4,"column":32},"end":{"line":4,"column":67}},"4":{"start":{"line":6,"column":0},"end":{"line":37,"column":3}},"5":{"start":{"line":7,"column":2},"end":{"line":36,"column":3}},"6":{"start":{"line":8,"column":30},"end":{"line":8,"column":39}},"7":{"start":{"line":9,"column":16},"end":{"line":14,"column":5}},"8":{"start":{"line":15,"column":19},"end":{"line":15,"column":21}},"9":{"start":{"line":16,"column":21},"end":{"line":16,"column":22}},"10":{"start":{"line":18,"column":4},"end":{"line":22,"column":5}},"11":{"start":{"line":19,"column":6},"end":{"line":19,"column":49}},"12":{"start":{"line":20,"column":6},"end":{"line":20,"column":27}},"13":{"start":{"line":21,"column":6},"end":{"line":21,"column":19}},"14":{"start":{"line":24,"column":4},"end":{"line":28,"column":5}},"15":{"start":{"line":25,"column":6},"end":{"line":25,"column":46}},"16":{"start":{"line":26,"column":6},"end":{"line":26,"column":24}},"17":{"start":{"line":27,"column":6},"end":{"line":27,"column":19}},"18":{"start":{"line":30,"column":4},"end":{"line":30,"column":58}},"19":{"start":{"line":32,"column":19},"end":{"line":32,"column":50}},"20":{"start":{"line":33,"column":4},"end":{"line":33,"column":26}},"21":{"start":{"line":35,"column":4},"end":{"line":35,"column":16}},"22":{"start":{"line":39,"column":0},"end":{"line":64,"column":3}},"23":{"start":{"line":40,"column":2},"end":{"line":63,"column":3}},"24":{"start":{"line":41,"column":19},"end":{"line":41,"column":29}},"25":{"start":{"line":42,"column":26},"end":{"line":42,"column":42}},"26":{"start":{"line":44,"column":4},"end":{"line":46,"column":5}},"27":{"start":{"line":45,"column":6},"end":{"line":45,"column":60}},"28":{"start":{"line":48,"column":19},"end":{"line":54,"column":5}},"29":{"start":{"line":56,"column":4},"end":{"line":58,"column":5}},"30":{"start":{"line":57,"column":6},"end":{"line":57,"column":75}},"31":{"start":{"line":60,"column":4},"end":{"line":60,"column":29}},"32":{"start":{"line":62,"column":4},"end":{"line":62,"column":16}},"33":{"start":{"line":66,"column":0},"end":{"line":116,"column":3}},"34":{"start":{"line":67,"column":2},"end":{"line":115,"column":3}},"35":{"start":{"line":68,"column":78},"end":{"line":68,"column":86}},"36":{"start":{"line":70,"column":4},"end":{"line":72,"column":5}},"37":{"start":{"line":71,"column":6},"end":{"line":71,"column":73}},"38":{"start":{"line":74,"column":26},"end":{"line":74,"column":91}},"39":{"start":{"line":75,"column":4},"end":{"line":77,"column":5}},"40":{"start":{"line":76,"column":6},"end":{"line":76,"column":68}},"41":{"start":{"line":79,"column":22},"end":{"line":84,"column":5}},"42":{"start":{"line":86,"column":4},"end":{"line":90,"column":5}},"43":{"start":{"line":87,"column":6},"end":{"line":89,"column":9}},"44":{"start":{"line":92,"column":19},"end":{"line":96,"column":5}},"45":{"start":{"line":98,"column":32},"end":{"line":104,"column":5}},"46":{"start":{"line":106,"column":4},"end":{"line":106,"column":54}},"47":{"start":{"line":108,"column":4},"end":{"line":110,"column":5}},"48":{"start":{"line":109,"column":6},"end":{"line":109,"column":62}},"49":{"start":{"line":111,"column":4},"end":{"line":113,"column":5}},"50":{"start":{"line":112,"column":6},"end":{"line":112,"column":104}},"51":{"start":{"line":114,"column":4},"end":{"line":114,"column":16}},"52":{"start":{"line":118,"column":0},"end":{"line":180,"column":3}},"53":{"start":{"line":119,"column":2},"end":{"line":179,"column":3}},"54":{"start":{"line":120,"column":19},"end":{"line":120,"column":29}},"55":{"start":{"line":121,"column":78},"end":{"line":121,"column":86}},"56":{"start":{"line":123,"column":26},"end":{"line":123,"column":42}},"57":{"start":{"line":124,"column":4},"end":{"line":126,"column":5}},"58":{"start":{"line":125,"column":6},"end":{"line":125,"column":75}},"59":{"start":{"line":128,"column":4},"end":{"line":130,"column":5}},"60":{"start":{"line":129,"column":6},"end":{"line":129,"column":73}},"61":{"start":{"line":132,"column":33},"end":{"line":132,"column":111}},"62":{"start":{"line":133,"column":4},"end":{"line":135,"column":5}},"63":{"start":{"line":134,"column":6},"end":{"line":134,"column":75}},"64":{"start":{"line":137,"column":26},"end":{"line":137,"column":91}},"65":{"start":{"line":138,"column":4},"end":{"line":140,"column":5}},"66":{"start":{"line":139,"column":6},"end":{"line":139,"column":68}},"67":{"start":{"line":142,"column":22},"end":{"line":147,"column":5}},"68":{"start":{"line":149,"column":4},"end":{"line":153,"column":5}},"69":{"start":{"line":150,"column":6},"end":{"line":152,"column":9}},"70":{"start":{"line":155,"column":19},"end":{"line":160,"column":5}},"71":{"start":{"line":162,"column":32},"end":{"line":168,"column":5}},"72":{"start":{"line":170,"column":4},"end":{"line":170,"column":42}},"73":{"start":{"line":172,"column":4},"end":{"line":174,"column":5}},"74":{"start":{"line":173,"column":6},"end":{"line":173,"column":62}},"75":{"start":{"line":175,"column":4},"end":{"line":177,"column":5}},"76":{"start":{"line":176,"column":6},"end":{"line":176,"column":104}},"77":{"start":{"line":178,"column":4},"end":{"line":178,"column":16}},"78":{"start":{"line":182,"column":0},"end":{"line":201,"column":3}},"79":{"start":{"line":183,"column":2},"end":{"line":200,"column":3}},"80":{"start":{"line":184,"column":19},"end":{"line":184,"column":29}},"81":{"start":{"line":185,"column":26},"end":{"line":185,"column":42}},"82":{"start":{"line":187,"column":4},"end":{"line":189,"column":5}},"83":{"start":{"line":188,"column":6},"end":{"line":188,"column":60}},"84":{"start":{"line":191,"column":19},"end":{"line":191,"column":106}},"85":{"start":{"line":193,"column":4},"end":{"line":195,"column":5}},"86":{"start":{"line":194,"column":6},"end":{"line":194,"column":75}},"87":{"start":{"line":197,"column":4},"end":{"line":197,"column":62}},"88":{"start":{"line":199,"column":4},"end":{"line":199,"column":16}},"89":{"start":{"line":203,"column":0},"end":{"line":203,"column":24}}},"fnMap":{"0":{"name":"(anonymous_0)","decl":{"start":{"line":6,"column":16},"end":{"line":6,"column":17}},"loc":{"start":{"line":6,"column":42},"end":{"line":37,"column":1}},"line":6},"1":{"name":"(anonymous_1)","decl":{"start":{"line":39,"column":19},"end":{"line":39,"column":20}},"loc":{"start":{"line":39,"column":45},"end":{"line":64,"column":1}},"line":39},"2":{"name":"(anonymous_2)","decl":{"start":{"line":66,"column":38},"end":{"line":66,"column":39}},"loc":{"start":{"line":66,"column":64},"end":{"line":116,"column":1}},"line":66},"3":{"name":"(anonymous_3)","decl":{"start":{"line":118,"column":40},"end":{"line":118,"column":41}},"loc":{"start":{"line":118,"column":66},"end":{"line":180,"column":1}},"line":118},"4":{"name":"(anonymous_4)","decl":{"start":{"line":182,"column":22},"end":{"line":182,"column":23}},"loc":{"start":{"line":182,"column":48},"end":{"line":201,"column":1}},"line":182}},"branchMap":{"0":{"loc":{"start":{"line":18,"column":4},"end":{"line":22,"column":5}},"type":"if","locations":[{"start":{"line":18,"column":4},"end":{"line":22,"column":5}},{"start":{},"end":{}}],"line":18},"1":{"loc":{"start":{"line":24,"column":4},"end":{"line":28,"column":5}},"type":"if","locations":[{"start":{"line":24,"column":4},"end":{"line":28,"column":5}},{"start":{},"end":{}}],"line":24},"2":{"loc":{"start":{"line":44,"column":4},"end":{"line":46,"column":5}},"type":"if","locations":[{"start":{"line":44,"column":4},"end":{"line":46,"column":5}},{"start":{},"end":{}}],"line":44},"3":{"loc":{"start":{"line":44,"column":8},"end":{"line":44,"column":50}},"type":"binary-expr","locations":[{"start":{"line":44,"column":8},"end":{"line":44,"column":28}},{"start":{"line":44,"column":32},"end":{"line":44,"column":50}}],"line":44},"4":{"loc":{"start":{"line":56,"column":4},"end":{"line":58,"column":5}},"type":"if","locations":[{"start":{"line":56,"column":4},"end":{"line":58,"column":5}},{"start":{},"end":{}}],"line":56},"5":{"loc":{"start":{"line":70,"column":4},"end":{"line":72,"column":5}},"type":"if","locations":[{"start":{"line":70,"column":4},"end":{"line":72,"column":5}},{"start":{},"end":{}}],"line":70},"6":{"loc":{"start":{"line":75,"column":4},"end":{"line":77,"column":5}},"type":"if","locations":[{"start":{"line":75,"column":4},"end":{"line":77,"column":5}},{"start":{},"end":{}}],"line":75},"7":{"loc":{"start":{"line":86,"column":4},"end":{"line":90,"column":5}},"type":"if","locations":[{"start":{"line":86,"column":4},"end":{"line":90,"column":5}},{"start":{},"end":{}}],"line":86},"8":{"loc":{"start":{"line":95,"column":59},"end":{"line":95,"column":76}},"type":"binary-expr","locations":[{"start":{"line":95,"column":59},"end":{"line":95,"column":68}},{"start":{"line":95,"column":72},"end":{"line":95,"column":76}}],"line":95},"9":{"loc":{"start":{"line":108,"column":4},"end":{"line":110,"column":5}},"type":"if","locations":[{"start":{"line":108,"column":4},"end":{"line":110,"column":5}},{"start":{},"end":{}}],"line":108},"10":{"loc":{"start":{"line":111,"column":4},"end":{"line":113,"column":5}},"type":"if","locations":[{"start":{"line":111,"column":4},"end":{"line":113,"column":5}},{"start":{},"end":{}}],"line":111},"11":{"loc":{"start":{"line":124,"column":4},"end":{"line":126,"column":5}},"type":"if","locations":[{"start":{"line":124,"column":4},"end":{"line":126,"column":5}},{"start":{},"end":{}}],"line":124},"12":{"loc":{"start":{"line":124,"column":8},"end":{"line":124,"column":50}},"type":"binary-expr","locations":[{"start":{"line":124,"column":8},"end":{"line":124,"column":28}},{"start":{"line":124,"column":32},"end":{"line":124,"column":50}}],"line":124},"13":{"loc":{"start":{"line":128,"column":4},"end":{"line":130,"column":5}},"type":"if","locations":[{"start":{"line":128,"column":4},"end":{"line":130,"column":5}},{"start":{},"end":{}}],"line":128},"14":{"loc":{"start":{"line":133,"column":4},"end":{"line":135,"column":5}},"type":"if","locations":[{"start":{"line":133,"column":4},"end":{"line":135,"column":5}},{"start":{},"end":{}}],"line":133},"15":{"loc":{"start":{"line":138,"column":4},"end":{"line":140,"column":5}},"type":"if","locations":[{"start":{"line":138,"column":4},"end":{"line":140,"column":5}},{"start":{},"end":{}}],"line":138},"16":{"loc":{"start":{"line":149,"column":4},"end":{"line":153,"column":5}},"type":"if","locations":[{"start":{"line":149,"column":4},"end":{"line":153,"column":5}},{"start":{},"end":{}}],"line":149},"17":{"loc":{"start":{"line":159,"column":59},"end":{"line":159,"column":76}},"type":"binary-expr","locations":[{"start":{"line":159,"column":59},"end":{"line":159,"column":68}},{"start":{"line":159,"column":72},"end":{"line":159,"column":76}}],"line":159},"18":{"loc":{"start":{"line":172,"column":4},"end":{"line":174,"column":5}},"type":"if","locations":[{"start":{"line":172,"column":4},"end":{"line":174,"column":5}},{"start":{},"end":{}}],"line":172},"19":{"loc":{"start":{"line":175,"column":4},"end":{"line":177,"column":5}},"type":"if","locations":[{"start":{"line":175,"column":4},"end":{"line":177,"column":5}},{"start":{},"end":{}}],"line":175},"20":{"loc":{"start":{"line":187,"column":4},"end":{"line":189,"column":5}},"type":"if","locations":[{"start":{"line":187,"column":4},"end":{"line":189,"column":5}},{"start":{},"end":{}}],"line":187},"21":{"loc":{"start":{"line":187,"column":8},"end":{"line":187,"column":50}},"type":"binary-expr","locations":[{"start":{"line":187,"column":8},"end":{"line":187,"column":28}},{"start":{"line":187,"column":32},"end":{"line":187,"column":50}}],"line":187},"22":{"loc":{"start":{"line":193,"column":4},"end":{"line":195,"column":5}},"type":"if","locations":[{"start":{"line":193,"column":4},"end":{"line":195,"column":5}},{"start":{},"end":{}}],"line":193}},"s":{"0":3,"1":3,"2":3,"3":3,"4":3,"5":7,"6":7,"7":7,"8":7,"9":7,"10":7,"11":4,"12":4,"13":4,"14":7,"15":4,"16":4,"17":4,"18":7,"19":7,"20":7,"21":0,"22":3,"23":1,"24":1,"25":1,"26":1,"27":0,"28":1,"29":1,"30":0,"31":1,"32":0,"33":3,"34":43,"35":43,"36":43,"37":0,"38":43,"39":43,"40":1,"41":42,"42":42,"43":5,"44":37,"45":37,"46":37,"47":0,"48":0,"49":0,"50":0,"51":0,"52":3,"53":1,"54":1,"55":1,"56":1,"57":1,"58":0,"59":1,"60":0,"61":1,"62":1,"63":0,"64":1,"65":1,"66":0,"67":1,"68":1,"69":0,"70":1,"71":1,"72":1,"73":0,"74":0,"75":0,"76":0,"77":0,"78":3,"79":2,"80":2,"81":2,"82":2,"83":0,"84":2,"85":2,"86":0,"87":2,"88":0,"89":3},"f":{"0":7,"1":1,"2":43,"3":1,"4":2},"b":{"0":[4,3],"1":[4,3],"2":[0,1],"3":[1,1],"4":[0,1],"5":[0,43],"6":[1,42],"7":[5,37],"8":[37,36],"9":[0,0],"10":[0,0],"11":[0,1],"12":[1,1],"13":[0,1],"14":[0,1],"15":[0,1],"16":[0,1],"17":[1,1],"18":[0,0],"19":[0,0],"20":[0,2],"21":[2,2],"22":[0,2]},"_coverageSchema":"1a1c01bbd47fc00a2c39e90264f33305004495a9","hash":"b8ed3dfedc7b344cd21b3b14546ed8387c44247d"}
,"/app/src/routes/salas.js": {"path":"/app/src/routes/salas.js","statementMap":{"0":{"start":{"line":1,"column":16},"end":{"line":1,"column":34}},"1":{"start":{"line":2,"column":15},"end":{"line":2,"column":31}},"2":{"start":{"line":3,"column":17},"end":{"line":3,"column":46}},"3":{"start":{"line":4,"column":25},"end":{"line":4,"column":60}},"4":{"start":{"line":6,"column":0},"end":{"line":13,"column":3}},"5":{"start":{"line":7,"column":2},"end":{"line":12,"column":3}},"6":{"start":{"line":8,"column":19},"end":{"line":8,"column":72}},"7":{"start":{"line":9,"column":4},"end":{"line":9,"column":26}},"8":{"start":{"line":11,"column":4},"end":{"line":11,"column":16}},"9":{"start":{"line":15,"column":0},"end":{"line":34,"column":3}},"10":{"start":{"line":16,"column":2},"end":{"line":33,"column":3}},"11":{"start":{"line":17,"column":19},"end":{"line":17,"column":29}},"12":{"start":{"line":18,"column":19},"end":{"line":18,"column":35}},"13":{"start":{"line":20,"column":4},"end":{"line":22,"column":5}},"14":{"start":{"line":21,"column":6},"end":{"line":21,"column":60}},"15":{"start":{"line":24,"column":19},"end":{"line":24,"column":82}},"16":{"start":{"line":26,"column":4},"end":{"line":28,"column":5}},"17":{"start":{"line":27,"column":6},"end":{"line":27,"column":68}},"18":{"start":{"line":30,"column":4},"end":{"line":30,"column":29}},"19":{"start":{"line":32,"column":4},"end":{"line":32,"column":16}},"20":{"start":{"line":36,"column":0},"end":{"line":61,"column":3}},"21":{"start":{"line":37,"column":2},"end":{"line":60,"column":3}},"22":{"start":{"line":38,"column":33},"end":{"line":38,"column":41}},"23":{"start":{"line":40,"column":25},"end":{"line":43,"column":5}},"24":{"start":{"line":45,"column":4},"end":{"line":47,"column":5}},"25":{"start":{"line":46,"column":6},"end":{"line":46,"column":81}},"26":{"start":{"line":49,"column":19},"end":{"line":52,"column":5}},"27":{"start":{"line":54,"column":4},"end":{"line":54,"column":41}},"28":{"start":{"line":56,"column":4},"end":{"line":58,"column":5}},"29":{"start":{"line":57,"column":6},"end":{"line":57,"column":81}},"30":{"start":{"line":59,"column":4},"end":{"line":59,"column":16}},"31":{"start":{"line":63,"column":0},"end":{"line":98,"column":3}},"32":{"start":{"line":64,"column":2},"end":{"line":97,"column":3}},"33":{"start":{"line":65,"column":19},"end":{"line":65,"column":29}},"34":{"start":{"line":66,"column":33},"end":{"line":66,"column":41}},"35":{"start":{"line":68,"column":19},"end":{"line":68,"column":35}},"36":{"start":{"line":69,"column":4},"end":{"line":71,"column":5}},"37":{"start":{"line":70,"column":6},"end":{"line":70,"column":60}},"38":{"start":{"line":73,"column":26},"end":{"line":73,"column":90}},"39":{"start":{"line":74,"column":4},"end":{"line":76,"column":5}},"40":{"start":{"line":75,"column":6},"end":{"line":75,"column":68}},"41":{"start":{"line":78,"column":26},"end":{"line":81,"column":5}},"42":{"start":{"line":82,"column":4},"end":{"line":84,"column":5}},"43":{"start":{"line":83,"column":6},"end":{"line":83,"column":83}},"44":{"start":{"line":86,"column":19},"end":{"line":89,"column":5}},"45":{"start":{"line":91,"column":4},"end":{"line":91,"column":29}},"46":{"start":{"line":93,"column":4},"end":{"line":95,"column":5}},"47":{"start":{"line":94,"column":6},"end":{"line":94,"column":83}},"48":{"start":{"line":96,"column":4},"end":{"line":96,"column":16}},"49":{"start":{"line":100,"column":0},"end":{"line":140,"column":3}},"50":{"start":{"line":101,"column":2},"end":{"line":139,"column":3}},"51":{"start":{"line":102,"column":19},"end":{"line":102,"column":29}},"52":{"start":{"line":104,"column":19},"end":{"line":104,"column":35}},"53":{"start":{"line":105,"column":4},"end":{"line":107,"column":5}},"54":{"start":{"line":106,"column":6},"end":{"line":106,"column":60}},"55":{"start":{"line":109,"column":26},"end":{"line":109,"column":90}},"56":{"start":{"line":110,"column":4},"end":{"line":112,"column":5}},"57":{"start":{"line":111,"column":6},"end":{"line":111,"column":68}},"58":{"start":{"line":114,"column":17},"end":{"line":114,"column":27}},"59":{"start":{"line":115,"column":4},"end":{"line":115,"column":30}},"60":{"start":{"line":116,"column":20},"end":{"line":116,"column":52}},"61":{"start":{"line":117,"column":18},"end":{"line":117,"column":28}},"62":{"start":{"line":118,"column":22},"end":{"line":118,"column":72}},"63":{"start":{"line":120,"column":32},"end":{"line":127,"column":5}},"64":{"start":{"line":129,"column":4},"end":{"line":133,"column":5}},"65":{"start":{"line":130,"column":6},"end":{"line":132,"column":9}},"66":{"start":{"line":135,"column":4},"end":{"line":135,"column":66}},"67":{"start":{"line":136,"column":4},"end":{"line":136,"column":55}},"68":{"start":{"line":138,"column":4},"end":{"line":138,"column":16}},"69":{"start":{"line":142,"column":0},"end":{"line":142,"column":24}}},"fnMap":{"0":{"name":"(anonymous_0)","decl":{"start":{"line":6,"column":16},"end":{"line":6,"column":17}},"loc":{"start":{"line":6,"column":42},"end":{"line":13,"column":1}},"line":6},"1":{"name":"(anonymous_1)","decl":{"start":{"line":15,"column":19},"end":{"line":15,"column":20}},"loc":{"start":{"line":15,"column":45},"end":{"line":34,"column":1}},"line":15},"2":{"name":"(anonymous_2)","decl":{"start":{"line":36,"column":31},"end":{"line":36,"column":32}},"loc":{"start":{"line":36,"column":57},"end":{"line":61,"column":1}},"line":36},"3":{"name":"(anonymous_3)","decl":{"start":{"line":63,"column":33},"end":{"line":63,"column":34}},"loc":{"start":{"line":63,"column":59},"end":{"line":98,"column":1}},"line":63},"4":{"name":"(anonymous_4)","decl":{"start":{"line":100,"column":22},"end":{"line":100,"column":23}},"loc":{"start":{"line":100,"column":48},"end":{"line":140,"column":1}},"line":100}},"branchMap":{"0":{"loc":{"start":{"line":20,"column":4},"end":{"line":22,"column":5}},"type":"if","locations":[{"start":{"line":20,"column":4},"end":{"line":22,"column":5}},{"start":{},"end":{}}],"line":20},"1":{"loc":{"start":{"line":20,"column":8},"end":{"line":20,"column":36}},"type":"binary-expr","locations":[{"start":{"line":20,"column":8},"end":{"line":20,"column":21}},{"start":{"line":20,"column":25},"end":{"line":20,"column":36}}],"line":20},"2":{"loc":{"start":{"line":26,"column":4},"end":{"line":28,"column":5}},"type":"if","locations":[{"start":{"line":26,"column":4},"end":{"line":28,"column":5}},{"start":{},"end":{}}],"line":26},"3":{"loc":{"start":{"line":45,"column":4},"end":{"line":47,"column":5}},"type":"if","locations":[{"start":{"line":45,"column":4},"end":{"line":47,"column":5}},{"start":{},"end":{}}],"line":45},"4":{"loc":{"start":{"line":56,"column":4},"end":{"line":58,"column":5}},"type":"if","locations":[{"start":{"line":56,"column":4},"end":{"line":58,"column":5}},{"start":{},"end":{}}],"line":56},"5":{"loc":{"start":{"line":69,"column":4},"end":{"line":71,"column":5}},"type":"if","locations":[{"start":{"line":69,"column":4},"end":{"line":71,"column":5}},{"start":{},"end":{}}],"line":69},"6":{"loc":{"start":{"line":69,"column":8},"end":{"line":69,"column":36}},"type":"binary-expr","locations":[{"start":{"line":69,"column":8},"end":{"line":69,"column":21}},{"start":{"line":69,"column":25},"end":{"line":69,"column":36}}],"line":69},"7":{"loc":{"start":{"line":74,"column":4},"end":{"line":76,"column":5}},"type":"if","locations":[{"start":{"line":74,"column":4},"end":{"line":76,"column":5}},{"start":{},"end":{}}],"line":74},"8":{"loc":{"start":{"line":82,"column":4},"end":{"line":84,"column":5}},"type":"if","locations":[{"start":{"line":82,"column":4},"end":{"line":84,"column":5}},{"start":{},"end":{}}],"line":82},"9":{"loc":{"start":{"line":93,"column":4},"end":{"line":95,"column":5}},"type":"if","locations":[{"start":{"line":93,"column":4},"end":{"line":95,"column":5}},{"start":{},"end":{}}],"line":93},"10":{"loc":{"start":{"line":105,"column":4},"end":{"line":107,"column":5}},"type":"if","locations":[{"start":{"line":105,"column":4},"end":{"line":107,"column":5}},{"start":{},"end":{}}],"line":105},"11":{"loc":{"start":{"line":105,"column":8},"end":{"line":105,"column":36}},"type":"binary-expr","locations":[{"start":{"line":105,"column":8},"end":{"line":105,"column":21}},{"start":{"line":105,"column":25},"end":{"line":105,"column":36}}],"line":105},"12":{"loc":{"start":{"line":110,"column":4},"end":{"line":112,"column":5}},"type":"if","locations":[{"start":{"line":110,"column":4},"end":{"line":112,"column":5}},{"start":{},"end":{}}],"line":110},"13":{"loc":{"start":{"line":129,"column":4},"end":{"line":133,"column":5}},"type":"if","locations":[{"start":{"line":129,"column":4},"end":{"line":133,"column":5}},{"start":{},"end":{}}],"line":129}},"s":{"0":3,"1":3,"2":3,"3":3,"4":3,"5":1,"6":1,"7":1,"8":0,"9":3,"10":9,"11":9,"12":9,"13":9,"14":0,"15":9,"16":9,"17":1,"18":8,"19":0,"20":3,"21":54,"22":54,"23":54,"24":54,"25":1,"26":53,"27":53,"28":0,"29":0,"30":0,"31":3,"32":2,"33":2,"34":2,"35":2,"36":2,"37":0,"38":2,"39":2,"40":0,"41":2,"42":2,"43":1,"44":1,"45":1,"46":0,"47":0,"48":0,"49":3,"50":6,"51":6,"52":6,"53":6,"54":0,"55":6,"56":6,"57":0,"58":6,"59":6,"60":6,"61":6,"62":6,"63":6,"64":6,"65":3,"66":3,"67":3,"68":0,"69":3},"f":{"0":1,"1":9,"2":54,"3":2,"4":6},"b":{"0":[0,9],"1":[9,9],"2":[1,8],"3":[1,53],"4":[0,0],"5":[0,2],"6":[2,2],"7":[0,2],"8":[1,1],"9":[0,0],"10":[0,6],"11":[6,6],"12":[0,6],"13":[3,3]},"_coverageSchema":"1a1c01bbd47fc00a2c39e90264f33305004495a9","hash":"98f08ce4994abf07eb09c12d9e3ef598ee23d558"}
}
