TN:
SF:src/middleware/validation.js
FN:1,(anonymous_0)
FN:29,(anonymous_1)
FNF:2
FNH:2
FNDA:67,(anonymous_0)
FNDA:57,(anonymous_1)
DA:1,4
DA:2,67
DA:3,67
DA:5,67
DA:6,4
DA:7,63
DA:8,0
DA:11,67
DA:12,2
DA:14,65
DA:15,65
DA:16,5
DA:20,67
DA:21,10
DA:24,57
DA:25,57
DA:26,57
DA:29,4
DA:30,57
DA:31,57
DA:33,57
DA:34,0
DA:36,57
DA:37,57
DA:38,0
DA:40,57
DA:44,57
DA:45,1
DA:47,56
DA:48,56
DA:49,0
DA:51,56
DA:52,56
DA:53,56
DA:54,2
DA:56,56
DA:60,57
DA:61,1
DA:62,56
DA:63,0
DA:66,57
DA:67,1
DA:68,56
DA:69,0
DA:72,57
DA:73,55
DA:74,55
DA:75,55
DA:76,55
DA:78,55
DA:79,4
DA:82,55
DA:83,54
DA:84,54
DA:85,3
DA:86,3
DA:87,3
DA:88,3
DA:89,3
DA:90,3
DA:92,3
DA:93,1
DA:99,57
DA:100,2
DA:101,55
DA:102,0
DA:104,55
DA:107,57
DA:108,0
DA:111,57
DA:112,12
DA:115,45
DA:118,4
LF:73
LH:65
BRDA:5,0,0,4
BRDA:5,0,1,63
BRDA:5,1,0,67
BRDA:5,1,1,63
BRDA:5,1,2,63
BRDA:7,2,0,0
BRDA:7,2,1,63
BRDA:11,3,0,2
BRDA:11,3,1,65
BRDA:11,4,0,67
BRDA:11,4,1,65
BRDA:15,5,0,5
BRDA:15,5,1,60
BRDA:15,6,0,65
BRDA:15,6,1,65
BRDA:15,6,2,62
BRDA:20,7,0,10
BRDA:20,7,1,57
BRDA:33,8,0,0
BRDA:33,8,1,57
BRDA:33,9,0,57
BRDA:33,9,1,57
BRDA:33,9,2,57
BRDA:37,10,0,0
BRDA:37,10,1,57
BRDA:37,11,0,57
BRDA:37,11,1,57
BRDA:37,11,2,57
BRDA:44,12,0,1
BRDA:44,12,1,56
BRDA:48,13,0,0
BRDA:48,13,1,56
BRDA:53,14,0,2
BRDA:53,14,1,54
BRDA:60,15,0,1
BRDA:60,15,1,56
BRDA:62,16,0,0
BRDA:62,16,1,56
BRDA:66,17,0,1
BRDA:66,17,1,56
BRDA:68,18,0,0
BRDA:68,18,1,56
BRDA:72,19,0,55
BRDA:72,19,1,2
BRDA:72,20,0,57
BRDA:72,20,1,56
BRDA:78,21,0,4
BRDA:78,21,1,51
BRDA:82,22,0,54
BRDA:82,22,1,1
BRDA:82,23,0,55
BRDA:82,23,1,54
BRDA:84,24,0,3
BRDA:84,24,1,51
BRDA:92,25,0,1
BRDA:92,25,1,2
BRDA:99,26,0,2
BRDA:99,26,1,55
BRDA:99,27,0,57
BRDA:99,27,1,55
BRDA:99,27,2,55
BRDA:101,28,0,0
BRDA:101,28,1,55
BRDA:107,29,0,0
BRDA:107,29,1,57
BRDA:107,30,0,57
BRDA:107,30,1,1
BRDA:111,31,0,12
BRDA:111,31,1,45
BRF:69
BRH:61
end_of_record
TN:
SF:src/models/database.js
FN:11,(anonymous_0)
FNF:1
FNH:0
FNDA:0,(anonymous_0)
DA:1,0
DA:3,0
DA:11,0
DA:12,0
DA:13,0
DA:16,0
LF:6
LH:0
BRDA:4,0,0,0
BRDA:4,0,1,0
BRDA:5,1,0,0
BRDA:5,1,1,0
BRDA:6,2,0,0
BRDA:6,2,1,0
BRDA:7,3,0,0
BRDA:7,3,1,0
BRDA:8,4,0,0
BRDA:8,4,1,0
BRF:10
BRH:0
end_of_record
TN:
SF:src/routes/agendamentos.js
FN:6,(anonymous_0)
FN:39,(anonymous_1)
FN:66,(anonymous_2)
FN:118,(anonymous_3)
FN:182,(anonymous_4)
FNF:5
FNH:5
FNDA:7,(anonymous_0)
FNDA:1,(anonymous_1)
FNDA:43,(anonymous_2)
FNDA:1,(anonymous_3)
FNDA:2,(anonymous_4)
DA:1,3
DA:2,3
DA:3,3
DA:4,3
DA:6,3
DA:7,7
DA:8,7
DA:9,7
DA:15,7
DA:16,7
DA:18,7
DA:19,4
DA:20,4
DA:21,4
DA:24,7
DA:25,4
DA:26,4
DA:27,4
DA:30,7
DA:32,7
DA:33,7
DA:35,0
DA:39,3
DA:40,1
DA:41,1
DA:42,1
DA:44,1
DA:45,0
DA:48,1
DA:56,1
DA:57,0
DA:60,1
DA:62,0
DA:66,3
DA:67,43
DA:68,43
DA:70,43
DA:71,0
DA:74,43
DA:75,43
DA:76,1
DA:79,42
DA:86,42
DA:87,5
DA:92,37
DA:98,37
DA:106,37
DA:108,0
DA:109,0
DA:111,0
DA:112,0
DA:114,0
DA:118,3
DA:119,1
DA:120,1
DA:121,1
DA:123,1
DA:124,1
DA:125,0
DA:128,1
DA:129,0
DA:132,1
DA:133,1
DA:134,0
DA:137,1
DA:138,1
DA:139,0
DA:142,1
DA:149,1
DA:150,0
DA:155,1
DA:162,1
DA:170,1
DA:172,0
DA:173,0
DA:175,0
DA:176,0
DA:178,0
DA:182,3
DA:183,2
DA:184,2
DA:185,2
DA:187,2
DA:188,0
DA:191,2
DA:193,2
DA:194,0
DA:197,2
DA:199,0
DA:203,3
LF:90
LH:67
BRDA:18,0,0,4
BRDA:18,0,1,3
BRDA:24,1,0,4
BRDA:24,1,1,3
BRDA:44,2,0,0
BRDA:44,2,1,1
BRDA:44,3,0,1
BRDA:44,3,1,1
BRDA:56,4,0,0
BRDA:56,4,1,1
BRDA:70,5,0,0
BRDA:70,5,1,43
BRDA:75,6,0,1
BRDA:75,6,1,42
BRDA:86,7,0,5
BRDA:86,7,1,37
BRDA:95,8,0,37
BRDA:95,8,1,36
BRDA:108,9,0,0
BRDA:108,9,1,0
BRDA:111,10,0,0
BRDA:111,10,1,0
BRDA:124,11,0,0
BRDA:124,11,1,1
BRDA:124,12,0,1
BRDA:124,12,1,1
BRDA:128,13,0,0
BRDA:128,13,1,1
BRDA:133,14,0,0
BRDA:133,14,1,1
BRDA:138,15,0,0
BRDA:138,15,1,1
BRDA:149,16,0,0
BRDA:149,16,1,1
BRDA:159,17,0,1
BRDA:159,17,1,1
BRDA:172,18,0,0
BRDA:172,18,1,0
BRDA:175,19,0,0
BRDA:175,19,1,0
BRDA:187,20,0,0
BRDA:187,20,1,2
BRDA:187,21,0,2
BRDA:187,21,1,2
BRDA:193,22,0,0
BRDA:193,22,1,2
BRF:46
BRH:28
end_of_record
TN:
SF:src/routes/salas.js
FN:6,(anonymous_0)
FN:15,(anonymous_1)
FN:36,(anonymous_2)
FN:63,(anonymous_3)
FN:100,(anonymous_4)
FNF:5
FNH:5
FNDA:1,(anonymous_0)
FNDA:9,(anonymous_1)
FNDA:54,(anonymous_2)
FNDA:2,(anonymous_3)
FNDA:6,(anonymous_4)
DA:1,3
DA:2,3
DA:3,3
DA:4,3
DA:6,3
DA:7,1
DA:8,1
DA:9,1
DA:11,0
DA:15,3
DA:16,9
DA:17,9
DA:18,9
DA:20,9
DA:21,0
DA:24,9
DA:26,9
DA:27,1
DA:30,8
DA:32,0
DA:36,3
DA:37,54
DA:38,54
DA:40,54
DA:45,54
DA:46,1
DA:49,53
DA:54,53
DA:56,0
DA:57,0
DA:59,0
DA:63,3
DA:64,2
DA:65,2
DA:66,2
DA:68,2
DA:69,2
DA:70,0
DA:73,2
DA:74,2
DA:75,0
DA:78,2
DA:82,2
DA:83,1
DA:86,1
DA:91,1
DA:93,0
DA:94,0
DA:96,0
DA:100,3
DA:101,6
DA:102,6
DA:104,6
DA:105,6
DA:106,0
DA:109,6
DA:110,6
DA:111,0
DA:114,6
DA:115,6
DA:116,6
DA:117,6
DA:118,6
DA:120,6
DA:129,6
DA:130,3
DA:135,3
DA:136,3
DA:138,0
DA:142,3
LF:70
LH:56
BRDA:20,0,0,0
BRDA:20,0,1,9
BRDA:20,1,0,9
BRDA:20,1,1,9
BRDA:26,2,0,1
BRDA:26,2,1,8
BRDA:45,3,0,1
BRDA:45,3,1,53
BRDA:56,4,0,0
BRDA:56,4,1,0
BRDA:69,5,0,0
BRDA:69,5,1,2
BRDA:69,6,0,2
BRDA:69,6,1,2
BRDA:74,7,0,0
BRDA:74,7,1,2
BRDA:82,8,0,1
BRDA:82,8,1,1
BRDA:93,9,0,0
BRDA:93,9,1,0
BRDA:105,10,0,0
BRDA:105,10,1,6
BRDA:105,11,0,6
BRDA:105,11,1,6
BRDA:110,12,0,0
BRDA:110,12,1,6
BRDA:129,13,0,3
BRDA:129,13,1,3
BRF:28
BRH:19
end_of_record
